C:\Yu\Assets\_IukerTech\IukerTech_ThreeKingdoms\Ts\.tsbuild\Iuker\Declare\Debuger_Declare.js
C:\Yu\Assets\_IukerTech\IukerTech_ThreeKingdoms\Ts\.tsbuild\Iuker\Declare\Debuger_Declare.js.map
C:\Yu\Assets\_IukerTech\IukerTech_ThreeKingdoms\Ts\.tsbuild\Iuker\Declare\Module\AssetModule_Declare.js
C:\Yu\Assets\_IukerTech\IukerTech_ThreeKingdoms\Ts\.tsbuild\Iuker\Declare\Module\AssetModule_Declare.js.map
C:\Yu\Assets\_IukerTech\IukerTech_ThreeKingdoms\Ts\.tsbuild\Iuker\Declare\Module\DataModule_Declare.js
C:\Yu\Assets\_IukerTech\IukerTech_ThreeKingdoms\Ts\.tsbuild\Iuker\Declare\Module\DataModule_Declare.js.map
C:\Yu\Assets\_IukerTech\IukerTech_ThreeKingdoms\Ts\.tsbuild\Iuker\Declare\Module\EventModule_Declare.js
C:\Yu\Assets\_IukerTech\IukerTech_ThreeKingdoms\Ts\.tsbuild\Iuker\Declare\Module\EventModule_Declare.js.map
C:\Yu\Assets\_IukerTech\IukerTech_ThreeKingdoms\Ts\.tsbuild\Iuker\Declare\Module\IukerPlayerPrefs_Declare.js
C:\Yu\Assets\_IukerTech\IukerTech_ThreeKingdoms\Ts\.tsbuild\Iuker\Declare\Module\IukerPlayerPrefs_Declare.js.map
C:\Yu\Assets\_IukerTech\IukerTech_ThreeKingdoms\Ts\.tsbuild\Iuker\Declare\Module\LocalDataModule_Declare.js
C:\Yu\Assets\_IukerTech\IukerTech_ThreeKingdoms\Ts\.tsbuild\Iuker\Declare\Module\LocalDataModule_Declare.js.map
C:\Yu\Assets\_IukerTech\IukerTech_ThreeKingdoms\Ts\.tsbuild\Iuker\Declare\Module\MusicModule_Declare.js
C:\Yu\Assets\_IukerTech\IukerTech_ThreeKingdoms\Ts\.tsbuild\Iuker\Declare\Module\MusicModule_Declare.js.map
C:\Yu\Assets\_IukerTech\IukerTech_ThreeKingdoms\Ts\.tsbuild\Iuker\Declare\Module\SoundEffectModule_Declare.js
C:\Yu\Assets\_IukerTech\IukerTech_ThreeKingdoms\Ts\.tsbuild\Iuker\Declare\Module\SoundEffectModule_Declare.js.map
C:\Yu\Assets\_IukerTech\IukerTech_ThreeKingdoms\Ts\.tsbuild\Iuker\Declare\Module\ViewModule_Declare.js
C:\Yu\Assets\_IukerTech\IukerTech_ThreeKingdoms\Ts\.tsbuild\Iuker\Declare\Module\ViewModule_Declare.js.map
C:\Yu\Assets\_IukerTech\IukerTech_ThreeKingdoms\Ts\.tsbuild\Iuker\Declare\Unity\GameObject_Declare.js
C:\Yu\Assets\_IukerTech\IukerTech_ThreeKingdoms\Ts\.tsbuild\Iuker\Declare\Unity\GameObject_Declare.js.map
C:\Yu\Assets\_IukerTech\IukerTech_ThreeKingdoms\Ts\.tsbuild\Iuker\Declare\Unity\IukMono_Declare.js
C:\Yu\Assets\_IukerTech\IukerTech_ThreeKingdoms\Ts\.tsbuild\Iuker\Declare\Unity\IukMono_Declare.js.map
C:\Yu\Assets\_IukerTech\IukerTech_ThreeKingdoms\Ts\.tsbuild\Iuker\Declare\Unity\TextAssetRef_Declare.js
C:\Yu\Assets\_IukerTech\IukerTech_ThreeKingdoms\Ts\.tsbuild\Iuker\Declare\Unity\TextAssetRef_Declare.js.map
C:\Yu\Assets\_IukerTech\IukerTech_ThreeKingdoms\Ts\.tsbuild\Iuker\Declare\Unity\TextAsset_Declare.js
C:\Yu\Assets\_IukerTech\IukerTech_ThreeKingdoms\Ts\.tsbuild\Iuker\Declare\Unity\TextAsset_Declare.js.map
C:\Yu\Assets\_IukerTech\IukerTech_ThreeKingdoms\Ts\.tsbuild\Iuker\Declare\Unity\ViewRef_Declare.js
C:\Yu\Assets\_IukerTech\IukerTech_ThreeKingdoms\Ts\.tsbuild\Iuker\Declare\Unity\ViewRef_Declare.js.map
C:\Yu\Assets\_IukerTech\IukerTech_ThreeKingdoms\Ts\.tsbuild\Iuker\Declare\ViewWidget\Button_Declare.js
C:\Yu\Assets\_IukerTech\IukerTech_ThreeKingdoms\Ts\.tsbuild\Iuker\Declare\ViewWidget\Button_Declare.js.map
C:\Yu\Assets\_IukerTech\IukerTech_ThreeKingdoms\Ts\.tsbuild\Iuker\Declare\ViewWidget\RawImage_Declare.js
C:\Yu\Assets\_IukerTech\IukerTech_ThreeKingdoms\Ts\.tsbuild\Iuker\Declare\ViewWidget\RawImage_Declare.js.map
C:\Yu\Assets\_IukerTech\IukerTech_ThreeKingdoms\Ts\.tsbuild\Iuker\Declare\ViewWidget\Image_Declare.js
C:\Yu\Assets\_IukerTech\IukerTech_ThreeKingdoms\Ts\.tsbuild\Iuker\Declare\ViewWidget\Image_Declare.js.map
C:\Yu\Assets\_IukerTech\IukerTech_ThreeKingdoms\Ts\.tsbuild\Iuker\Declare\ViewWidget\InputField_Declare.js
C:\Yu\Assets\_IukerTech\IukerTech_ThreeKingdoms\Ts\.tsbuild\Iuker\Declare\ViewWidget\InputField_Declare.js.map
C:\Yu\Assets\_IukerTech\IukerTech_ThreeKingdoms\Ts\.tsbuild\Iuker\Declare\ViewWidget\Slider_Declare.js
C:\Yu\Assets\_IukerTech\IukerTech_ThreeKingdoms\Ts\.tsbuild\Iuker\Declare\ViewWidget\Slider_Declare.js.map
C:\Yu\Assets\_IukerTech\IukerTech_ThreeKingdoms\Ts\.tsbuild\Iuker\Declare\ViewWidget\Text_Declare.js
C:\Yu\Assets\_IukerTech\IukerTech_ThreeKingdoms\Ts\.tsbuild\Iuker\Declare\ViewWidget\Text_Declare.js.map
C:\Yu\Assets\_IukerTech\IukerTech_ThreeKingdoms\Ts\.tsbuild\Iuker\Declare\ViewWidget\Toggle_Declare.js
C:\Yu\Assets\_IukerTech\IukerTech_ThreeKingdoms\Ts\.tsbuild\Iuker\Declare\ViewWidget\Toggle_Declare.js.map
C:\Yu\Assets\_IukerTech\IukerTech_ThreeKingdoms\Ts\.tsbuild\Iuker\Declare\ViewWidget\ViewModel_Declare.js
C:\Yu\Assets\_IukerTech\IukerTech_ThreeKingdoms\Ts\.tsbuild\Iuker\Declare\ViewWidget\ViewModel_Declare.js.map
C:\Yu\Assets\_IukerTech\IukerTech_ThreeKingdoms\Ts\.tsbuild\Iuker\Declare\ViewWidget\View_Declare.js
C:\Yu\Assets\_IukerTech\IukerTech_ThreeKingdoms\Ts\.tsbuild\Iuker\Declare\ViewWidget\View_Declare.js.map
C:\Yu\Assets\_IukerTech\IukerTech_ThreeKingdoms\Ts\.tsbuild\Iuker\Realize\absmono.js
C:\Yu\Assets\_IukerTech\IukerTech_ThreeKingdoms\Ts\.tsbuild\Iuker\Realize\absmono.js.map
C:\Yu\Assets\_IukerTech\IukerTech_ThreeKingdoms\Ts\.tsbuild\Iuker\Realize\data_module.js
C:\Yu\Assets\_IukerTech\IukerTech_ThreeKingdoms\Ts\.tsbuild\Iuker\Realize\data_module.js.map
C:\Yu\Assets\_IukerTech\IukerTech_ThreeKingdoms\Ts\.tsbuild\Iuker\Realize\asset_module.js
C:\Yu\Assets\_IukerTech\IukerTech_ThreeKingdoms\Ts\.tsbuild\Iuker\Realize\asset_module.js.map
C:\Yu\Assets\_IukerTech\IukerTech_ThreeKingdoms\Ts\.tsbuild\Iuker\Realize\debug.js
C:\Yu\Assets\_IukerTech\IukerTech_ThreeKingdoms\Ts\.tsbuild\Iuker\Realize\debug.js.map
C:\Yu\Assets\_IukerTech\IukerTech_ThreeKingdoms\Ts\.tsbuild\Iuker\Realize\event_module.js
C:\Yu\Assets\_IukerTech\IukerTech_ThreeKingdoms\Ts\.tsbuild\Iuker\Realize\event_module.js.map
C:\Yu\Assets\_IukerTech\IukerTech_ThreeKingdoms\Ts\.tsbuild\Iuker\Realize\inputresponse_module.js
C:\Yu\Assets\_IukerTech\IukerTech_ThreeKingdoms\Ts\.tsbuild\Iuker\Realize\inputresponse_module.js.map
C:\Yu\Assets\_IukerTech\IukerTech_ThreeKingdoms\Ts\.tsbuild\Iuker\Realize\iukerplayerprefs.js
C:\Yu\Assets\_IukerTech\IukerTech_ThreeKingdoms\Ts\.tsbuild\Iuker\Realize\iukerplayerprefs.js.map
C:\Yu\Assets\_IukerTech\IukerTech_ThreeKingdoms\Ts\.tsbuild\Iuker\Realize\localdata_modudle.js
C:\Yu\Assets\_IukerTech\IukerTech_ThreeKingdoms\Ts\.tsbuild\Iuker\Realize\localdata_modudle.js.map
C:\Yu\Assets\_IukerTech\IukerTech_ThreeKingdoms\Ts\.tsbuild\Iuker\Realize\logic_managers.js
C:\Yu\Assets\_IukerTech\IukerTech_ThreeKingdoms\Ts\.tsbuild\Iuker\Realize\logic_managers.js.map
C:\Yu\Assets\_IukerTech\IukerTech_ThreeKingdoms\Ts\.tsbuild\Iuker\Realize\music_module.js
C:\Yu\Assets\_IukerTech\IukerTech_ThreeKingdoms\Ts\.tsbuild\Iuker\Realize\music_module.js.map
C:\Yu\Assets\_IukerTech\IukerTech_ThreeKingdoms\Ts\.tsbuild\Iuker\Realize\netprocessers.js
C:\Yu\Assets\_IukerTech\IukerTech_ThreeKingdoms\Ts\.tsbuild\Iuker\Realize\netprocessers.js.map
C:\Yu\Assets\_IukerTech\IukerTech_ThreeKingdoms\Ts\.tsbuild\Iuker\Realize\view_module.js
C:\Yu\Assets\_IukerTech\IukerTech_ThreeKingdoms\Ts\.tsbuild\Iuker\Realize\view_module.js.map
C:\Yu\Assets\_IukerTech\IukerTech_ThreeKingdoms\Ts\.tsbuild\Iuker\Realize\ld_soundeffct_table.js
C:\Yu\Assets\_IukerTech\IukerTech_ThreeKingdoms\Ts\.tsbuild\Iuker\Realize\ld_soundeffct_table.js.map
C:\Yu\Assets\_IukerTech\IukerTech_ThreeKingdoms\Ts\.tsbuild\Iuker\Realize\soundeffect_module.js
C:\Yu\Assets\_IukerTech\IukerTech_ThreeKingdoms\Ts\.tsbuild\Iuker\Realize\soundeffect_module.js.map
C:\Yu\Assets\_IukerTech\IukerTech_ThreeKingdoms\Ts\.tsbuild\Project\iukertech_threekingdoms_assetid.js
C:\Yu\Assets\_IukerTech\IukerTech_ThreeKingdoms\Ts\.tsbuild\Project\iukertech_threekingdoms_assetid.js.map
C:\Yu\Assets\_IukerTech\IukerTech_ThreeKingdoms\Ts\.tsbuild\Project\iukertech_threekingdoms_dataid.js
C:\Yu\Assets\_IukerTech\IukerTech_ThreeKingdoms\Ts\.tsbuild\Project\iukertech_threekingdoms_dataid.js.map
C:\Yu\Assets\_IukerTech\IukerTech_ThreeKingdoms\Ts\.tsbuild\Project\LocalData\ldtable_iukertech_threekingdoms_city.js
C:\Yu\Assets\_IukerTech\IukerTech_ThreeKingdoms\Ts\.tsbuild\Project\LocalData\ldtable_iukertech_threekingdoms_city.js.map
C:\Yu\Assets\_IukerTech\IukerTech_ThreeKingdoms\Ts\.tsbuild\Project\LocalData\ldtable_iukertech_threekingdoms_selectpower.js
C:\Yu\Assets\_IukerTech\IukerTech_ThreeKingdoms\Ts\.tsbuild\Project\LocalData\ldtable_iukertech_threekingdoms_selectpower.js.map
C:\Yu\Assets\_IukerTech\IukerTech_ThreeKingdoms\Ts\.tsbuild\Project\LocalData\ldtable_iukertech_threekingdoms_sirdar.js
C:\Yu\Assets\_IukerTech\IukerTech_ThreeKingdoms\Ts\.tsbuild\Project\LocalData\ldtable_iukertech_threekingdoms_sirdar.js.map
C:\Yu\Assets\_IukerTech\IukerTech_ThreeKingdoms\Ts\.tsbuild\Project\Mvda\view_iukertech_threekingdoms_login\view_iukertech_threekingdoms_login_constant_jint.js
C:\Yu\Assets\_IukerTech\IukerTech_ThreeKingdoms\Ts\.tsbuild\Project\Mvda\view_iukertech_threekingdoms_login\view_iukertech_threekingdoms_login_constant_jint.js.map
C:\Yu\Assets\_IukerTech\IukerTech_ThreeKingdoms\Ts\.tsbuild\Project\Mvda\view_iukertech_threekingdoms_login\view_iukertech_threekingdoms_login_jint.js
C:\Yu\Assets\_IukerTech\IukerTech_ThreeKingdoms\Ts\.tsbuild\Project\Mvda\view_iukertech_threekingdoms_login\view_iukertech_threekingdoms_login_jint.js.map
C:\Yu\Assets\_IukerTech\IukerTech_ThreeKingdoms\Ts\.tsbuild\Project\Mvda\view_iukertech_threekingdoms_login\view_iukertech_threekingdoms_login_model_jint.js
C:\Yu\Assets\_IukerTech\IukerTech_ThreeKingdoms\Ts\.tsbuild\Project\Mvda\view_iukertech_threekingdoms_login\view_iukertech_threekingdoms_login_model_jint.js.map
C:\Yu\Assets\_IukerTech\IukerTech_ThreeKingdoms\Ts\.tsbuild\Project\Mvda\view_iukertech_threekingdoms_login\ViewPipeline\view_iukertech_threekingdoms_login_oncreated_jint.js
C:\Yu\Assets\_IukerTech\IukerTech_ThreeKingdoms\Ts\.tsbuild\Project\Mvda\view_iukertech_threekingdoms_login\ViewPipeline\view_iukertech_threekingdoms_login_oncreated_jint.js.map
C:\Yu\Assets\_IukerTech\IukerTech_ThreeKingdoms\Ts\.tsbuild\Project\Mvda\view_iukertech_threekingdoms_login\WidgetAction\view_iukertech_threekingdoms_login_button_start_game_onclick_jint.js
C:\Yu\Assets\_IukerTech\IukerTech_ThreeKingdoms\Ts\.tsbuild\Project\Mvda\view_iukertech_threekingdoms_login\WidgetAction\view_iukertech_threekingdoms_login_button_start_game_onclick_jint.js.map
C:\Yu\Assets\_IukerTech\IukerTech_ThreeKingdoms\Ts\.tsbuild\Project\Mvda\view_iukertech_threekingdoms_select_power\view_iukertech_threekingdoms_select_power_constant_jint.js
C:\Yu\Assets\_IukerTech\IukerTech_ThreeKingdoms\Ts\.tsbuild\Project\Mvda\view_iukertech_threekingdoms_select_power\view_iukertech_threekingdoms_select_power_constant_jint.js.map
C:\Yu\Assets\_IukerTech\IukerTech_ThreeKingdoms\Ts\.tsbuild\Project\Mvda\view_iukertech_threekingdoms_select_power\view_iukertech_threekingdoms_select_power_jint.js
C:\Yu\Assets\_IukerTech\IukerTech_ThreeKingdoms\Ts\.tsbuild\Project\Mvda\view_iukertech_threekingdoms_select_power\view_iukertech_threekingdoms_select_power_jint.js.map
C:\Yu\Assets\_IukerTech\IukerTech_ThreeKingdoms\Ts\.tsbuild\Project\Mvda\view_iukertech_threekingdoms_select_power\view_iukertech_threekingdoms_select_power_model_jint.js
C:\Yu\Assets\_IukerTech\IukerTech_ThreeKingdoms\Ts\.tsbuild\Project\Mvda\view_iukertech_threekingdoms_select_power\view_iukertech_threekingdoms_select_power_model_jint.js.map
C:\Yu\Assets\_IukerTech\IukerTech_ThreeKingdoms\Ts\.tsbuild\Project\Mvda\view_iukertech_threekingdoms_select_power\WidgetAction\view_iukertech_threekingdoms_select_power_button_back_onclick_jint.js
C:\Yu\Assets\_IukerTech\IukerTech_ThreeKingdoms\Ts\.tsbuild\Project\Mvda\view_iukertech_threekingdoms_select_power\WidgetAction\view_iukertech_threekingdoms_select_power_button_back_onclick_jint.js.map
C:\Yu\Assets\_IukerTech\IukerTech_ThreeKingdoms\Ts\.tsbuild\Project\Mvda\view_iukertech_threekingdoms_select_power\WidgetAction\view_iukertech_threekingdoms_select_power_button_king_avatar_onclick_jint.js
C:\Yu\Assets\_IukerTech\IukerTech_ThreeKingdoms\Ts\.tsbuild\Project\Mvda\view_iukertech_threekingdoms_select_power\WidgetAction\view_iukertech_threekingdoms_select_power_button_king_avatar_onclick_jint.js.map
C:\Yu\Assets\_IukerTech\IukerTech_ThreeKingdoms\Ts\.tsbuild\Project\Mvda\view_iukertech_threekingdoms_select_power\WidgetAction\view_iukertech_threekingdoms_select_power_button_select_power_left_onclick_jint.js
C:\Yu\Assets\_IukerTech\IukerTech_ThreeKingdoms\Ts\.tsbuild\Project\Mvda\view_iukertech_threekingdoms_select_power\WidgetAction\view_iukertech_threekingdoms_select_power_button_select_power_left_onclick_jint.js.map
C:\Yu\Assets\_IukerTech\IukerTech_ThreeKingdoms\Ts\.tsbuild\Project\Mvda\view_iukertech_threekingdoms_select_power\WidgetAction\view_iukertech_threekingdoms_select_power_button_select_power_right_onclick_jint.js
C:\Yu\Assets\_IukerTech\IukerTech_ThreeKingdoms\Ts\.tsbuild\Project\Mvda\view_iukertech_threekingdoms_select_power\WidgetAction\view_iukertech_threekingdoms_select_power_button_select_power_right_onclick_jint.js.map
C:\Yu\Assets\_IukerTech\IukerTech_ThreeKingdoms\Ts\.tsbuild\Project\Mvda\view_iukertech_threekingdoms_select_power_dialog\view_iukertech_threekingdoms_select_power_dialog_constant_jint.js
C:\Yu\Assets\_IukerTech\IukerTech_ThreeKingdoms\Ts\.tsbuild\Project\Mvda\view_iukertech_threekingdoms_select_power_dialog\view_iukertech_threekingdoms_select_power_dialog_constant_jint.js.map
C:\Yu\Assets\_IukerTech\IukerTech_ThreeKingdoms\Ts\.tsbuild\Project\Mvda\view_iukertech_threekingdoms_select_power_dialog\view_iukertech_threekingdoms_select_power_dialog_jint.js
C:\Yu\Assets\_IukerTech\IukerTech_ThreeKingdoms\Ts\.tsbuild\Project\Mvda\view_iukertech_threekingdoms_select_power_dialog\view_iukertech_threekingdoms_select_power_dialog_jint.js.map
C:\Yu\Assets\_IukerTech\IukerTech_ThreeKingdoms\Ts\.tsbuild\Project\Mvda\view_iukertech_threekingdoms_select_power_dialog\view_iukertech_threekingdoms_select_power_dialog_model_jint.js
C:\Yu\Assets\_IukerTech\IukerTech_ThreeKingdoms\Ts\.tsbuild\Project\Mvda\view_iukertech_threekingdoms_select_power_dialog\view_iukertech_threekingdoms_select_power_dialog_model_jint.js.map
C:\Yu\Assets\_IukerTech\IukerTech_ThreeKingdoms\Ts\.tsbuild\Project\Mvda\view_iukertech_threekingdoms_select_power_dialog\ViewPipeline\view_iukertech_threekingdoms_select_power_dialog_oncreated_jint.js
C:\Yu\Assets\_IukerTech\IukerTech_ThreeKingdoms\Ts\.tsbuild\Project\Mvda\view_iukertech_threekingdoms_select_power_dialog\ViewPipeline\view_iukertech_threekingdoms_select_power_dialog_oncreated_jint.js.map
C:\Yu\Assets\_IukerTech\IukerTech_ThreeKingdoms\Ts\.tsbuild\Project\Mvda\view_iukertech_threekingdoms_select_power_dialog\WidgetAction\view_iukertech_threekingdoms_select_power_dialog_button_cancel_onclick_jint.js
C:\Yu\Assets\_IukerTech\IukerTech_ThreeKingdoms\Ts\.tsbuild\Project\Mvda\view_iukertech_threekingdoms_select_power_dialog\WidgetAction\view_iukertech_threekingdoms_select_power_dialog_button_cancel_onclick_jint.js.map
C:\Yu\Assets\_IukerTech\IukerTech_ThreeKingdoms\Ts\.tsbuild\Project\Mvda\view_iukertech_threekingdoms_select_power_dialog\WidgetAction\view_iukertech_threekingdoms_select_power_dialog_button_ensure_onclick_jint.js
C:\Yu\Assets\_IukerTech\IukerTech_ThreeKingdoms\Ts\.tsbuild\Project\Mvda\view_iukertech_threekingdoms_select_power_dialog\WidgetAction\view_iukertech_threekingdoms_select_power_dialog_button_ensure_onclick_jint.js.map
C:\Yu\Assets\_IukerTech\IukerTech_ThreeKingdoms\Ts\.tsbuild\Project\Mvda\view_iukertech_threekingdoms_select_scenario\view_iukertech_threekingdoms_select_scenario_constant_jint.js
C:\Yu\Assets\_IukerTech\IukerTech_ThreeKingdoms\Ts\.tsbuild\Project\Mvda\view_iukertech_threekingdoms_select_scenario\view_iukertech_threekingdoms_select_scenario_constant_jint.js.map
C:\Yu\Assets\_IukerTech\IukerTech_ThreeKingdoms\Ts\.tsbuild\Project\Mvda\view_iukertech_threekingdoms_select_scenario\view_iukertech_threekingdoms_select_scenario_jint.js
C:\Yu\Assets\_IukerTech\IukerTech_ThreeKingdoms\Ts\.tsbuild\Project\Mvda\view_iukertech_threekingdoms_select_scenario\view_iukertech_threekingdoms_select_scenario_jint.js.map
C:\Yu\Assets\_IukerTech\IukerTech_ThreeKingdoms\Ts\.tsbuild\Project\Mvda\view_iukertech_threekingdoms_select_scenario\view_iukertech_threekingdoms_select_scenario_model_jint.js
C:\Yu\Assets\_IukerTech\IukerTech_ThreeKingdoms\Ts\.tsbuild\Project\Mvda\view_iukertech_threekingdoms_select_scenario\view_iukertech_threekingdoms_select_scenario_model_jint.js.map
C:\Yu\Assets\_IukerTech\IukerTech_ThreeKingdoms\Ts\.tsbuild\Project\Mvda\view_iukertech_threekingdoms_select_scenario\WidgetAction\view_iukertech_threekingdoms_select_scenario_button_190_onclick_jint.js
C:\Yu\Assets\_IukerTech\IukerTech_ThreeKingdoms\Ts\.tsbuild\Project\Mvda\view_iukertech_threekingdoms_select_scenario\WidgetAction\view_iukertech_threekingdoms_select_scenario_button_190_onclick_jint.js.map
C:\Yu\Assets\_IukerTech\IukerTech_ThreeKingdoms\Ts\.tsbuild\Project\Mvda\view_iukertech_threekingdoms_select_scenario\WidgetAction\view_iukertech_threekingdoms_select_scenario_button_back_onclick_jint.js
C:\Yu\Assets\_IukerTech\IukerTech_ThreeKingdoms\Ts\.tsbuild\Project\Mvda\view_iukertech_threekingdoms_select_scenario\WidgetAction\view_iukertech_threekingdoms_select_scenario_button_back_onclick_jint.js.map
C:\Yu\Assets\_IukerTech\IukerTech_ThreeKingdoms\Ts\.tsbuild\Iuker\Declare\Debuger_Declare.js
C:\Yu\Assets\_IukerTech\IukerTech_ThreeKingdoms\Ts\.tsbuild\Iuker\Declare\Debuger_Declare.js.map
C:\Yu\Assets\_IukerTech\IukerTech_ThreeKingdoms\Ts\.tsbuild\Iuker\Declare\Module\AssetModule_Declare.js
C:\Yu\Assets\_IukerTech\IukerTech_ThreeKingdoms\Ts\.tsbuild\Iuker\Declare\Module\AssetModule_Declare.js.map
C:\Yu\Assets\_IukerTech\IukerTech_ThreeKingdoms\Ts\.tsbuild\Iuker\Declare\Module\DataModule_Declare.js
C:\Yu\Assets\_IukerTech\IukerTech_ThreeKingdoms\Ts\.tsbuild\Iuker\Declare\Module\DataModule_Declare.js.map
C:\Yu\Assets\_IukerTech\IukerTech_ThreeKingdoms\Ts\.tsbuild\Iuker\Declare\Module\EventModule_Declare.js
C:\Yu\Assets\_IukerTech\IukerTech_ThreeKingdoms\Ts\.tsbuild\Iuker\Declare\Module\EventModule_Declare.js.map
C:\Yu\Assets\_IukerTech\IukerTech_ThreeKingdoms\Ts\.tsbuild\Iuker\Declare\Module\IukerPlayerPrefs_Declare.js
C:\Yu\Assets\_IukerTech\IukerTech_ThreeKingdoms\Ts\.tsbuild\Iuker\Declare\Module\IukerPlayerPrefs_Declare.js.map
C:\Yu\Assets\_IukerTech\IukerTech_ThreeKingdoms\Ts\.tsbuild\Iuker\Declare\Module\LocalDataModule_Declare.js
C:\Yu\Assets\_IukerTech\IukerTech_ThreeKingdoms\Ts\.tsbuild\Iuker\Declare\Module\LocalDataModule_Declare.js.map
C:\Yu\Assets\_IukerTech\IukerTech_ThreeKingdoms\Ts\.tsbuild\Iuker\Declare\Module\MusicModule_Declare.js
C:\Yu\Assets\_IukerTech\IukerTech_ThreeKingdoms\Ts\.tsbuild\Iuker\Declare\Module\MusicModule_Declare.js.map
C:\Yu\Assets\_IukerTech\IukerTech_ThreeKingdoms\Ts\.tsbuild\Iuker\Declare\Module\SoundEffectModule_Declare.js
C:\Yu\Assets\_IukerTech\IukerTech_ThreeKingdoms\Ts\.tsbuild\Iuker\Declare\Module\SoundEffectModule_Declare.js.map
C:\Yu\Assets\_IukerTech\IukerTech_ThreeKingdoms\Ts\.tsbuild\Iuker\Declare\Module\ViewModule_Declare.js
C:\Yu\Assets\_IukerTech\IukerTech_ThreeKingdoms\Ts\.tsbuild\Iuker\Declare\Module\ViewModule_Declare.js.map
C:\Yu\Assets\_IukerTech\IukerTech_ThreeKingdoms\Ts\.tsbuild\Iuker\Declare\Unity\GameObject_Declare.js
C:\Yu\Assets\_IukerTech\IukerTech_ThreeKingdoms\Ts\.tsbuild\Iuker\Declare\Unity\GameObject_Declare.js.map
C:\Yu\Assets\_IukerTech\IukerTech_ThreeKingdoms\Ts\.tsbuild\Iuker\Declare\Unity\IukMono_Declare.js
C:\Yu\Assets\_IukerTech\IukerTech_ThreeKingdoms\Ts\.tsbuild\Iuker\Declare\Unity\IukMono_Declare.js.map
C:\Yu\Assets\_IukerTech\IukerTech_ThreeKingdoms\Ts\.tsbuild\Iuker\Declare\Unity\TextAssetRef_Declare.js
C:\Yu\Assets\_IukerTech\IukerTech_ThreeKingdoms\Ts\.tsbuild\Iuker\Declare\Unity\TextAssetRef_Declare.js.map
C:\Yu\Assets\_IukerTech\IukerTech_ThreeKingdoms\Ts\.tsbuild\Iuker\Declare\Unity\TextAsset_Declare.js
C:\Yu\Assets\_IukerTech\IukerTech_ThreeKingdoms\Ts\.tsbuild\Iuker\Declare\Unity\TextAsset_Declare.js.map
C:\Yu\Assets\_IukerTech\IukerTech_ThreeKingdoms\Ts\.tsbuild\Iuker\Declare\Unity\ViewRef_Declare.js
C:\Yu\Assets\_IukerTech\IukerTech_ThreeKingdoms\Ts\.tsbuild\Iuker\Declare\Unity\ViewRef_Declare.js.map
C:\Yu\Assets\_IukerTech\IukerTech_ThreeKingdoms\Ts\.tsbuild\Iuker\Declare\ViewWidget\Button_Declare.js
C:\Yu\Assets\_IukerTech\IukerTech_ThreeKingdoms\Ts\.tsbuild\Iuker\Declare\ViewWidget\Button_Declare.js.map
C:\Yu\Assets\_IukerTech\IukerTech_ThreeKingdoms\Ts\.tsbuild\Iuker\Declare\ViewWidget\RawImage_Declare.js
C:\Yu\Assets\_IukerTech\IukerTech_ThreeKingdoms\Ts\.tsbuild\Iuker\Declare\ViewWidget\RawImage_Declare.js.map
C:\Yu\Assets\_IukerTech\IukerTech_ThreeKingdoms\Ts\.tsbuild\Iuker\Declare\ViewWidget\Image_Declare.js
C:\Yu\Assets\_IukerTech\IukerTech_ThreeKingdoms\Ts\.tsbuild\Iuker\Declare\ViewWidget\Image_Declare.js.map
C:\Yu\Assets\_IukerTech\IukerTech_ThreeKingdoms\Ts\.tsbuild\Iuker\Declare\ViewWidget\InputField_Declare.js
C:\Yu\Assets\_IukerTech\IukerTech_ThreeKingdoms\Ts\.tsbuild\Iuker\Declare\ViewWidget\InputField_Declare.js.map
C:\Yu\Assets\_IukerTech\IukerTech_ThreeKingdoms\Ts\.tsbuild\Iuker\Declare\ViewWidget\Slider_Declare.js
C:\Yu\Assets\_IukerTech\IukerTech_ThreeKingdoms\Ts\.tsbuild\Iuker\Declare\ViewWidget\Slider_Declare.js.map
C:\Yu\Assets\_IukerTech\IukerTech_ThreeKingdoms\Ts\.tsbuild\Iuker\Declare\ViewWidget\Text_Declare.js
C:\Yu\Assets\_IukerTech\IukerTech_ThreeKingdoms\Ts\.tsbuild\Iuker\Declare\ViewWidget\Text_Declare.js.map
C:\Yu\Assets\_IukerTech\IukerTech_ThreeKingdoms\Ts\.tsbuild\Iuker\Declare\ViewWidget\Toggle_Declare.js
C:\Yu\Assets\_IukerTech\IukerTech_ThreeKingdoms\Ts\.tsbuild\Iuker\Declare\ViewWidget\Toggle_Declare.js.map
C:\Yu\Assets\_IukerTech\IukerTech_ThreeKingdoms\Ts\.tsbuild\Iuker\Declare\ViewWidget\ViewModel_Declare.js
C:\Yu\Assets\_IukerTech\IukerTech_ThreeKingdoms\Ts\.tsbuild\Iuker\Declare\ViewWidget\ViewModel_Declare.js.map
C:\Yu\Assets\_IukerTech\IukerTech_ThreeKingdoms\Ts\.tsbuild\Iuker\Declare\ViewWidget\View_Declare.js
C:\Yu\Assets\_IukerTech\IukerTech_ThreeKingdoms\Ts\.tsbuild\Iuker\Declare\ViewWidget\View_Declare.js.map
C:\Yu\Assets\_IukerTech\IukerTech_ThreeKingdoms\Ts\.tsbuild\Iuker\Realize\absmono.js
C:\Yu\Assets\_IukerTech\IukerTech_ThreeKingdoms\Ts\.tsbuild\Iuker\Realize\absmono.js.map
C:\Yu\Assets\_IukerTech\IukerTech_ThreeKingdoms\Ts\.tsbuild\Iuker\Realize\data_module.js
C:\Yu\Assets\_IukerTech\IukerTech_ThreeKingdoms\Ts\.tsbuild\Iuker\Realize\data_module.js.map
C:\Yu\Assets\_IukerTech\IukerTech_ThreeKingdoms\Ts\.tsbuild\Iuker\Realize\asset_module.js
C:\Yu\Assets\_IukerTech\IukerTech_ThreeKingdoms\Ts\.tsbuild\Iuker\Realize\asset_module.js.map
C:\Yu\Assets\_IukerTech\IukerTech_ThreeKingdoms\Ts\.tsbuild\Iuker\Realize\debug.js
C:\Yu\Assets\_IukerTech\IukerTech_ThreeKingdoms\Ts\.tsbuild\Iuker\Realize\debug.js.map
C:\Yu\Assets\_IukerTech\IukerTech_ThreeKingdoms\Ts\.tsbuild\Iuker\Realize\event_module.js
C:\Yu\Assets\_IukerTech\IukerTech_ThreeKingdoms\Ts\.tsbuild\Iuker\Realize\event_module.js.map
C:\Yu\Assets\_IukerTech\IukerTech_ThreeKingdoms\Ts\.tsbuild\Iuker\Realize\inputresponse_module.js
C:\Yu\Assets\_IukerTech\IukerTech_ThreeKingdoms\Ts\.tsbuild\Iuker\Realize\inputresponse_module.js.map
C:\Yu\Assets\_IukerTech\IukerTech_ThreeKingdoms\Ts\.tsbuild\Iuker\Realize\iukerplayerprefs.js
C:\Yu\Assets\_IukerTech\IukerTech_ThreeKingdoms\Ts\.tsbuild\Iuker\Realize\iukerplayerprefs.js.map
C:\Yu\Assets\_IukerTech\IukerTech_ThreeKingdoms\Ts\.tsbuild\Iuker\Realize\localdata_modudle.js
C:\Yu\Assets\_IukerTech\IukerTech_ThreeKingdoms\Ts\.tsbuild\Iuker\Realize\localdata_modudle.js.map
C:\Yu\Assets\_IukerTech\IukerTech_ThreeKingdoms\Ts\.tsbuild\Iuker\Realize\logic_managers.js
C:\Yu\Assets\_IukerTech\IukerTech_ThreeKingdoms\Ts\.tsbuild\Iuker\Realize\logic_managers.js.map
C:\Yu\Assets\_IukerTech\IukerTech_ThreeKingdoms\Ts\.tsbuild\Iuker\Realize\music_module.js
C:\Yu\Assets\_IukerTech\IukerTech_ThreeKingdoms\Ts\.tsbuild\Iuker\Realize\music_module.js.map
C:\Yu\Assets\_IukerTech\IukerTech_ThreeKingdoms\Ts\.tsbuild\Iuker\Realize\netprocessers.js
C:\Yu\Assets\_IukerTech\IukerTech_ThreeKingdoms\Ts\.tsbuild\Iuker\Realize\netprocessers.js.map
C:\Yu\Assets\_IukerTech\IukerTech_ThreeKingdoms\Ts\.tsbuild\Iuker\Realize\view_module.js
C:\Yu\Assets\_IukerTech\IukerTech_ThreeKingdoms\Ts\.tsbuild\Iuker\Realize\view_module.js.map
C:\Yu\Assets\_IukerTech\IukerTech_ThreeKingdoms\Ts\.tsbuild\Iuker\Realize\ld_soundeffct_table.js
C:\Yu\Assets\_IukerTech\IukerTech_ThreeKingdoms\Ts\.tsbuild\Iuker\Realize\ld_soundeffct_table.js.map
C:\Yu\Assets\_IukerTech\IukerTech_ThreeKingdoms\Ts\.tsbuild\Iuker\Realize\soundeffect_module.js
C:\Yu\Assets\_IukerTech\IukerTech_ThreeKingdoms\Ts\.tsbuild\Iuker\Realize\soundeffect_module.js.map
C:\Yu\Assets\_IukerTech\IukerTech_ThreeKingdoms\Ts\.tsbuild\Project\iukertech_threekingdoms_assetid.js
C:\Yu\Assets\_IukerTech\IukerTech_ThreeKingdoms\Ts\.tsbuild\Project\iukertech_threekingdoms_assetid.js.map
C:\Yu\Assets\_IukerTech\IukerTech_ThreeKingdoms\Ts\.tsbuild\Project\iukertech_threekingdoms_dataid.js
C:\Yu\Assets\_IukerTech\IukerTech_ThreeKingdoms\Ts\.tsbuild\Project\iukertech_threekingdoms_dataid.js.map
C:\Yu\Assets\_IukerTech\IukerTech_ThreeKingdoms\Ts\.tsbuild\Project\LocalData\ldtable_iukertech_threekingdoms_city.js
C:\Yu\Assets\_IukerTech\IukerTech_ThreeKingdoms\Ts\.tsbuild\Project\LocalData\ldtable_iukertech_threekingdoms_city.js.map
C:\Yu\Assets\_IukerTech\IukerTech_ThreeKingdoms\Ts\.tsbuild\Project\LocalData\ldtable_iukertech_threekingdoms_selectpower.js
C:\Yu\Assets\_IukerTech\IukerTech_ThreeKingdoms\Ts\.tsbuild\Project\LocalData\ldtable_iukertech_threekingdoms_selectpower.js.map
C:\Yu\Assets\_IukerTech\IukerTech_ThreeKingdoms\Ts\.tsbuild\Project\LocalData\ldtable_iukertech_threekingdoms_sirdar.js
C:\Yu\Assets\_IukerTech\IukerTech_ThreeKingdoms\Ts\.tsbuild\Project\LocalData\ldtable_iukertech_threekingdoms_sirdar.js.map
C:\Yu\Assets\_IukerTech\IukerTech_ThreeKingdoms\Ts\.tsbuild\Project\Mvda\view_iukertech_threekingdoms_login\view_iukertech_threekingdoms_login_constant_jint.js
C:\Yu\Assets\_IukerTech\IukerTech_ThreeKingdoms\Ts\.tsbuild\Project\Mvda\view_iukertech_threekingdoms_login\view_iukertech_threekingdoms_login_constant_jint.js.map
C:\Yu\Assets\_IukerTech\IukerTech_ThreeKingdoms\Ts\.tsbuild\Project\Mvda\view_iukertech_threekingdoms_login\view_iukertech_threekingdoms_login_jint.js
C:\Yu\Assets\_IukerTech\IukerTech_ThreeKingdoms\Ts\.tsbuild\Project\Mvda\view_iukertech_threekingdoms_login\view_iukertech_threekingdoms_login_jint.js.map
C:\Yu\Assets\_IukerTech\IukerTech_ThreeKingdoms\Ts\.tsbuild\Project\Mvda\view_iukertech_threekingdoms_login\view_iukertech_threekingdoms_login_model_jint.js
C:\Yu\Assets\_IukerTech\IukerTech_ThreeKingdoms\Ts\.tsbuild\Project\Mvda\view_iukertech_threekingdoms_login\view_iukertech_threekingdoms_login_model_jint.js.map
C:\Yu\Assets\_IukerTech\IukerTech_ThreeKingdoms\Ts\.tsbuild\Project\Mvda\view_iukertech_threekingdoms_login\ViewPipeline\view_iukertech_threekingdoms_login_oncreated_jint.js
C:\Yu\Assets\_IukerTech\IukerTech_ThreeKingdoms\Ts\.tsbuild\Project\Mvda\view_iukertech_threekingdoms_login\ViewPipeline\view_iukertech_threekingdoms_login_oncreated_jint.js.map
C:\Yu\Assets\_IukerTech\IukerTech_ThreeKingdoms\Ts\.tsbuild\Project\Mvda\view_iukertech_threekingdoms_login\WidgetAction\view_iukertech_threekingdoms_login_button_start_game_onclick_jint.js
C:\Yu\Assets\_IukerTech\IukerTech_ThreeKingdoms\Ts\.tsbuild\Project\Mvda\view_iukertech_threekingdoms_login\WidgetAction\view_iukertech_threekingdoms_login_button_start_game_onclick_jint.js.map
