C:\Yu\Assets\_IukerTech\IukerTech_Common\Ts\.tsbuild\Iuker\Declare\Debuger_Declare.js
C:\Yu\Assets\_IukerTech\IukerTech_Common\Ts\.tsbuild\Iuker\Declare\Debuger_Declare.js.map
C:\Yu\Assets\_IukerTech\IukerTech_Common\Ts\.tsbuild\Iuker\Declare\Module\AssetModule_Declare.js
C:\Yu\Assets\_IukerTech\IukerTech_Common\Ts\.tsbuild\Iuker\Declare\Module\AssetModule_Declare.js.map
C:\Yu\Assets\_IukerTech\IukerTech_Common\Ts\.tsbuild\Iuker\Declare\Module\DataModule_Declare.js
C:\Yu\Assets\_IukerTech\IukerTech_Common\Ts\.tsbuild\Iuker\Declare\Module\DataModule_Declare.js.map
C:\Yu\Assets\_IukerTech\IukerTech_Common\Ts\.tsbuild\Iuker\Declare\Module\EventModule_Declare.js
C:\Yu\Assets\_IukerTech\IukerTech_Common\Ts\.tsbuild\Iuker\Declare\Module\EventModule_Declare.js.map
C:\Yu\Assets\_IukerTech\IukerTech_Common\Ts\.tsbuild\Iuker\Declare\Module\IukerPlayerPrefs_Declare.js
C:\Yu\Assets\_IukerTech\IukerTech_Common\Ts\.tsbuild\Iuker\Declare\Module\IukerPlayerPrefs_Declare.js.map
C:\Yu\Assets\_IukerTech\IukerTech_Common\Ts\.tsbuild\Iuker\Declare\Module\LocalDataModule_Declare.js
C:\Yu\Assets\_IukerTech\IukerTech_Common\Ts\.tsbuild\Iuker\Declare\Module\LocalDataModule_Declare.js.map
C:\Yu\Assets\_IukerTech\IukerTech_Common\Ts\.tsbuild\Iuker\Declare\Module\MusicModule_Declare.js
C:\Yu\Assets\_IukerTech\IukerTech_Common\Ts\.tsbuild\Iuker\Declare\Module\MusicModule_Declare.js.map
C:\Yu\Assets\_IukerTech\IukerTech_Common\Ts\.tsbuild\Iuker\Declare\Module\SoundEffectModule_Declare.js
C:\Yu\Assets\_IukerTech\IukerTech_Common\Ts\.tsbuild\Iuker\Declare\Module\SoundEffectModule_Declare.js.map
C:\Yu\Assets\_IukerTech\IukerTech_Common\Ts\.tsbuild\Iuker\Declare\Module\ViewModule_Declare.js
C:\Yu\Assets\_IukerTech\IukerTech_Common\Ts\.tsbuild\Iuker\Declare\Module\ViewModule_Declare.js.map
C:\Yu\Assets\_IukerTech\IukerTech_Common\Ts\.tsbuild\Iuker\Declare\Unity\GameObject_Declare.js
C:\Yu\Assets\_IukerTech\IukerTech_Common\Ts\.tsbuild\Iuker\Declare\Unity\GameObject_Declare.js.map
C:\Yu\Assets\_IukerTech\IukerTech_Common\Ts\.tsbuild\Iuker\Declare\Unity\IukMono_Declare.js
C:\Yu\Assets\_IukerTech\IukerTech_Common\Ts\.tsbuild\Iuker\Declare\Unity\IukMono_Declare.js.map
C:\Yu\Assets\_IukerTech\IukerTech_Common\Ts\.tsbuild\Iuker\Declare\Unity\TextAssetRef_Declare.js
C:\Yu\Assets\_IukerTech\IukerTech_Common\Ts\.tsbuild\Iuker\Declare\Unity\TextAssetRef_Declare.js.map
C:\Yu\Assets\_IukerTech\IukerTech_Common\Ts\.tsbuild\Iuker\Declare\Unity\TextAsset_Declare.js
C:\Yu\Assets\_IukerTech\IukerTech_Common\Ts\.tsbuild\Iuker\Declare\Unity\TextAsset_Declare.js.map
C:\Yu\Assets\_IukerTech\IukerTech_Common\Ts\.tsbuild\Iuker\Declare\Unity\ViewRef_Declare.js
C:\Yu\Assets\_IukerTech\IukerTech_Common\Ts\.tsbuild\Iuker\Declare\Unity\ViewRef_Declare.js.map
C:\Yu\Assets\_IukerTech\IukerTech_Common\Ts\.tsbuild\Iuker\Declare\ViewWidget\Button_Declare.js
C:\Yu\Assets\_IukerTech\IukerTech_Common\Ts\.tsbuild\Iuker\Declare\ViewWidget\Button_Declare.js.map
C:\Yu\Assets\_IukerTech\IukerTech_Common\Ts\.tsbuild\Iuker\Declare\ViewWidget\RawImage_Declare.js
C:\Yu\Assets\_IukerTech\IukerTech_Common\Ts\.tsbuild\Iuker\Declare\ViewWidget\RawImage_Declare.js.map
C:\Yu\Assets\_IukerTech\IukerTech_Common\Ts\.tsbuild\Iuker\Declare\ViewWidget\Image_Declare.js
C:\Yu\Assets\_IukerTech\IukerTech_Common\Ts\.tsbuild\Iuker\Declare\ViewWidget\Image_Declare.js.map
C:\Yu\Assets\_IukerTech\IukerTech_Common\Ts\.tsbuild\Iuker\Declare\ViewWidget\InputField_Declare.js
C:\Yu\Assets\_IukerTech\IukerTech_Common\Ts\.tsbuild\Iuker\Declare\ViewWidget\InputField_Declare.js.map
C:\Yu\Assets\_IukerTech\IukerTech_Common\Ts\.tsbuild\Iuker\Declare\ViewWidget\Slider_Declare.js
C:\Yu\Assets\_IukerTech\IukerTech_Common\Ts\.tsbuild\Iuker\Declare\ViewWidget\Slider_Declare.js.map
C:\Yu\Assets\_IukerTech\IukerTech_Common\Ts\.tsbuild\Iuker\Declare\ViewWidget\Text_Declare.js
C:\Yu\Assets\_IukerTech\IukerTech_Common\Ts\.tsbuild\Iuker\Declare\ViewWidget\Text_Declare.js.map
C:\Yu\Assets\_IukerTech\IukerTech_Common\Ts\.tsbuild\Iuker\Declare\ViewWidget\Toggle_Declare.js
C:\Yu\Assets\_IukerTech\IukerTech_Common\Ts\.tsbuild\Iuker\Declare\ViewWidget\Toggle_Declare.js.map
C:\Yu\Assets\_IukerTech\IukerTech_Common\Ts\.tsbuild\Iuker\Declare\ViewWidget\ViewModel_Declare.js
C:\Yu\Assets\_IukerTech\IukerTech_Common\Ts\.tsbuild\Iuker\Declare\ViewWidget\ViewModel_Declare.js.map
C:\Yu\Assets\_IukerTech\IukerTech_Common\Ts\.tsbuild\Iuker\Declare\ViewWidget\View_Declare.js
C:\Yu\Assets\_IukerTech\IukerTech_Common\Ts\.tsbuild\Iuker\Declare\ViewWidget\View_Declare.js.map
C:\Yu\Assets\_IukerTech\IukerTech_Common\Ts\.tsbuild\Iuker\Realize\absmono.js
C:\Yu\Assets\_IukerTech\IukerTech_Common\Ts\.tsbuild\Iuker\Realize\absmono.js.map
C:\Yu\Assets\_IukerTech\IukerTech_Common\Ts\.tsbuild\Iuker\Realize\data_module.js
C:\Yu\Assets\_IukerTech\IukerTech_Common\Ts\.tsbuild\Iuker\Realize\data_module.js.map
C:\Yu\Assets\_IukerTech\IukerTech_Common\Ts\.tsbuild\Iuker\Realize\asset_module.js
C:\Yu\Assets\_IukerTech\IukerTech_Common\Ts\.tsbuild\Iuker\Realize\asset_module.js.map
C:\Yu\Assets\_IukerTech\IukerTech_Common\Ts\.tsbuild\Iuker\Realize\debug.js
C:\Yu\Assets\_IukerTech\IukerTech_Common\Ts\.tsbuild\Iuker\Realize\debug.js.map
C:\Yu\Assets\_IukerTech\IukerTech_Common\Ts\.tsbuild\Iuker\Realize\event_module.js
C:\Yu\Assets\_IukerTech\IukerTech_Common\Ts\.tsbuild\Iuker\Realize\event_module.js.map
C:\Yu\Assets\_IukerTech\IukerTech_Common\Ts\.tsbuild\Iuker\Realize\inputresponse_module.js
C:\Yu\Assets\_IukerTech\IukerTech_Common\Ts\.tsbuild\Iuker\Realize\inputresponse_module.js.map
C:\Yu\Assets\_IukerTech\IukerTech_Common\Ts\.tsbuild\Iuker\Realize\iukerplayerprefs.js
C:\Yu\Assets\_IukerTech\IukerTech_Common\Ts\.tsbuild\Iuker\Realize\iukerplayerprefs.js.map
C:\Yu\Assets\_IukerTech\IukerTech_Common\Ts\.tsbuild\Iuker\Realize\localdata_modudle.js
C:\Yu\Assets\_IukerTech\IukerTech_Common\Ts\.tsbuild\Iuker\Realize\localdata_modudle.js.map
C:\Yu\Assets\_IukerTech\IukerTech_Common\Ts\.tsbuild\Iuker\Realize\logic_managers.js
C:\Yu\Assets\_IukerTech\IukerTech_Common\Ts\.tsbuild\Iuker\Realize\logic_managers.js.map
C:\Yu\Assets\_IukerTech\IukerTech_Common\Ts\.tsbuild\Iuker\Realize\music_module.js
C:\Yu\Assets\_IukerTech\IukerTech_Common\Ts\.tsbuild\Iuker\Realize\music_module.js.map
C:\Yu\Assets\_IukerTech\IukerTech_Common\Ts\.tsbuild\Iuker\Realize\netprocessers.js
C:\Yu\Assets\_IukerTech\IukerTech_Common\Ts\.tsbuild\Iuker\Realize\netprocessers.js.map
C:\Yu\Assets\_IukerTech\IukerTech_Common\Ts\.tsbuild\Iuker\Realize\view_module.js
C:\Yu\Assets\_IukerTech\IukerTech_Common\Ts\.tsbuild\Iuker\Realize\view_module.js.map
C:\Yu\Assets\_IukerTech\IukerTech_Common\Ts\.tsbuild\Iuker\Realize\ld_soundeffct_table.js
C:\Yu\Assets\_IukerTech\IukerTech_Common\Ts\.tsbuild\Iuker\Realize\ld_soundeffct_table.js.map
C:\Yu\Assets\_IukerTech\IukerTech_Common\Ts\.tsbuild\Iuker\Realize\soundeffect_module.js
C:\Yu\Assets\_IukerTech\IukerTech_Common\Ts\.tsbuild\Iuker\Realize\soundeffect_module.js.map
C:\Yu\Assets\_IukerTech\IukerTech_Common\Ts\.tsbuild\Project\iukertech_common_assetid.js
C:\Yu\Assets\_IukerTech\IukerTech_Common\Ts\.tsbuild\Project\iukertech_common_assetid.js.map
C:\Yu\Assets\_IukerTech\IukerTech_Common\Ts\.tsbuild\Iuker\Declare\Debuger_Declare.js
C:\Yu\Assets\_IukerTech\IukerTech_Common\Ts\.tsbuild\Iuker\Declare\Debuger_Declare.js.map
C:\Yu\Assets\_IukerTech\IukerTech_Common\Ts\.tsbuild\Iuker\Declare\Module\AssetModule_Declare.js
C:\Yu\Assets\_IukerTech\IukerTech_Common\Ts\.tsbuild\Iuker\Declare\Module\AssetModule_Declare.js.map
C:\Yu\Assets\_IukerTech\IukerTech_Common\Ts\.tsbuild\Iuker\Declare\Module\DataModule_Declare.js
C:\Yu\Assets\_IukerTech\IukerTech_Common\Ts\.tsbuild\Iuker\Declare\Module\DataModule_Declare.js.map
C:\Yu\Assets\_IukerTech\IukerTech_Common\Ts\.tsbuild\Iuker\Declare\Module\EventModule_Declare.js
C:\Yu\Assets\_IukerTech\IukerTech_Common\Ts\.tsbuild\Iuker\Declare\Module\EventModule_Declare.js.map
C:\Yu\Assets\_IukerTech\IukerTech_Common\Ts\.tsbuild\Iuker\Declare\Module\IukerPlayerPrefs_Declare.js
C:\Yu\Assets\_IukerTech\IukerTech_Common\Ts\.tsbuild\Iuker\Declare\Module\IukerPlayerPrefs_Declare.js.map
C:\Yu\Assets\_IukerTech\IukerTech_Common\Ts\.tsbuild\Iuker\Declare\Module\LocalDataModule_Declare.js
C:\Yu\Assets\_IukerTech\IukerTech_Common\Ts\.tsbuild\Iuker\Declare\Module\LocalDataModule_Declare.js.map
C:\Yu\Assets\_IukerTech\IukerTech_Common\Ts\.tsbuild\Iuker\Declare\Module\MusicModule_Declare.js
C:\Yu\Assets\_IukerTech\IukerTech_Common\Ts\.tsbuild\Iuker\Declare\Module\MusicModule_Declare.js.map
C:\Yu\Assets\_IukerTech\IukerTech_Common\Ts\.tsbuild\Iuker\Declare\Module\SoundEffectModule_Declare.js
C:\Yu\Assets\_IukerTech\IukerTech_Common\Ts\.tsbuild\Iuker\Declare\Module\SoundEffectModule_Declare.js.map
C:\Yu\Assets\_IukerTech\IukerTech_Common\Ts\.tsbuild\Iuker\Declare\Module\ViewModule_Declare.js
C:\Yu\Assets\_IukerTech\IukerTech_Common\Ts\.tsbuild\Iuker\Declare\Module\ViewModule_Declare.js.map
C:\Yu\Assets\_IukerTech\IukerTech_Common\Ts\.tsbuild\Iuker\Declare\Unity\GameObject_Declare.js
C:\Yu\Assets\_IukerTech\IukerTech_Common\Ts\.tsbuild\Iuker\Declare\Unity\GameObject_Declare.js.map
C:\Yu\Assets\_IukerTech\IukerTech_Common\Ts\.tsbuild\Iuker\Declare\Unity\IukMono_Declare.js
C:\Yu\Assets\_IukerTech\IukerTech_Common\Ts\.tsbuild\Iuker\Declare\Unity\IukMono_Declare.js.map
C:\Yu\Assets\_IukerTech\IukerTech_Common\Ts\.tsbuild\Iuker\Declare\Unity\TextAssetRef_Declare.js
C:\Yu\Assets\_IukerTech\IukerTech_Common\Ts\.tsbuild\Iuker\Declare\Unity\TextAssetRef_Declare.js.map
C:\Yu\Assets\_IukerTech\IukerTech_Common\Ts\.tsbuild\Iuker\Declare\Unity\TextAsset_Declare.js
C:\Yu\Assets\_IukerTech\IukerTech_Common\Ts\.tsbuild\Iuker\Declare\Unity\TextAsset_Declare.js.map
C:\Yu\Assets\_IukerTech\IukerTech_Common\Ts\.tsbuild\Iuker\Declare\Unity\ViewRef_Declare.js
C:\Yu\Assets\_IukerTech\IukerTech_Common\Ts\.tsbuild\Iuker\Declare\Unity\ViewRef_Declare.js.map
C:\Yu\Assets\_IukerTech\IukerTech_Common\Ts\.tsbuild\Iuker\Declare\ViewWidget\Button_Declare.js
C:\Yu\Assets\_IukerTech\IukerTech_Common\Ts\.tsbuild\Iuker\Declare\ViewWidget\Button_Declare.js.map
C:\Yu\Assets\_IukerTech\IukerTech_Common\Ts\.tsbuild\Iuker\Declare\ViewWidget\RawImage_Declare.js
C:\Yu\Assets\_IukerTech\IukerTech_Common\Ts\.tsbuild\Iuker\Declare\ViewWidget\RawImage_Declare.js.map
C:\Yu\Assets\_IukerTech\IukerTech_Common\Ts\.tsbuild\Iuker\Declare\ViewWidget\Image_Declare.js
C:\Yu\Assets\_IukerTech\IukerTech_Common\Ts\.tsbuild\Iuker\Declare\ViewWidget\Image_Declare.js.map
C:\Yu\Assets\_IukerTech\IukerTech_Common\Ts\.tsbuild\Iuker\Declare\ViewWidget\InputField_Declare.js
C:\Yu\Assets\_IukerTech\IukerTech_Common\Ts\.tsbuild\Iuker\Declare\ViewWidget\InputField_Declare.js.map
C:\Yu\Assets\_IukerTech\IukerTech_Common\Ts\.tsbuild\Iuker\Declare\ViewWidget\Slider_Declare.js
C:\Yu\Assets\_IukerTech\IukerTech_Common\Ts\.tsbuild\Iuker\Declare\ViewWidget\Slider_Declare.js.map
C:\Yu\Assets\_IukerTech\IukerTech_Common\Ts\.tsbuild\Iuker\Declare\ViewWidget\Text_Declare.js
C:\Yu\Assets\_IukerTech\IukerTech_Common\Ts\.tsbuild\Iuker\Declare\ViewWidget\Text_Declare.js.map
C:\Yu\Assets\_IukerTech\IukerTech_Common\Ts\.tsbuild\Iuker\Declare\ViewWidget\Toggle_Declare.js
C:\Yu\Assets\_IukerTech\IukerTech_Common\Ts\.tsbuild\Iuker\Declare\ViewWidget\Toggle_Declare.js.map
C:\Yu\Assets\_IukerTech\IukerTech_Common\Ts\.tsbuild\Iuker\Declare\ViewWidget\ViewModel_Declare.js
C:\Yu\Assets\_IukerTech\IukerTech_Common\Ts\.tsbuild\Iuker\Declare\ViewWidget\ViewModel_Declare.js.map
C:\Yu\Assets\_IukerTech\IukerTech_Common\Ts\.tsbuild\Iuker\Declare\ViewWidget\View_Declare.js
C:\Yu\Assets\_IukerTech\IukerTech_Common\Ts\.tsbuild\Iuker\Declare\ViewWidget\View_Declare.js.map
C:\Yu\Assets\_IukerTech\IukerTech_Common\Ts\.tsbuild\Iuker\Realize\absmono.js
C:\Yu\Assets\_IukerTech\IukerTech_Common\Ts\.tsbuild\Iuker\Realize\absmono.js.map
C:\Yu\Assets\_IukerTech\IukerTech_Common\Ts\.tsbuild\Iuker\Realize\data_module.js
C:\Yu\Assets\_IukerTech\IukerTech_Common\Ts\.tsbuild\Iuker\Realize\data_module.js.map
C:\Yu\Assets\_IukerTech\IukerTech_Common\Ts\.tsbuild\Iuker\Realize\asset_module.js
C:\Yu\Assets\_IukerTech\IukerTech_Common\Ts\.tsbuild\Iuker\Realize\asset_module.js.map
C:\Yu\Assets\_IukerTech\IukerTech_Common\Ts\.tsbuild\Iuker\Realize\debug.js
C:\Yu\Assets\_IukerTech\IukerTech_Common\Ts\.tsbuild\Iuker\Realize\debug.js.map
C:\Yu\Assets\_IukerTech\IukerTech_Common\Ts\.tsbuild\Iuker\Realize\event_module.js
C:\Yu\Assets\_IukerTech\IukerTech_Common\Ts\.tsbuild\Iuker\Realize\event_module.js.map
C:\Yu\Assets\_IukerTech\IukerTech_Common\Ts\.tsbuild\Iuker\Realize\inputresponse_module.js
C:\Yu\Assets\_IukerTech\IukerTech_Common\Ts\.tsbuild\Iuker\Realize\inputresponse_module.js.map
C:\Yu\Assets\_IukerTech\IukerTech_Common\Ts\.tsbuild\Iuker\Realize\iukerplayerprefs.js
C:\Yu\Assets\_IukerTech\IukerTech_Common\Ts\.tsbuild\Iuker\Realize\iukerplayerprefs.js.map
C:\Yu\Assets\_IukerTech\IukerTech_Common\Ts\.tsbuild\Iuker\Realize\localdata_modudle.js
C:\Yu\Assets\_IukerTech\IukerTech_Common\Ts\.tsbuild\Iuker\Realize\localdata_modudle.js.map
C:\Yu\Assets\_IukerTech\IukerTech_Common\Ts\.tsbuild\Iuker\Realize\logic_managers.js
C:\Yu\Assets\_IukerTech\IukerTech_Common\Ts\.tsbuild\Iuker\Realize\logic_managers.js.map
C:\Yu\Assets\_IukerTech\IukerTech_Common\Ts\.tsbuild\Iuker\Realize\music_module.js
C:\Yu\Assets\_IukerTech\IukerTech_Common\Ts\.tsbuild\Iuker\Realize\music_module.js.map
C:\Yu\Assets\_IukerTech\IukerTech_Common\Ts\.tsbuild\Iuker\Realize\netprocessers.js
C:\Yu\Assets\_IukerTech\IukerTech_Common\Ts\.tsbuild\Iuker\Realize\netprocessers.js.map
C:\Yu\Assets\_IukerTech\IukerTech_Common\Ts\.tsbuild\Iuker\Realize\view_module.js
C:\Yu\Assets\_IukerTech\IukerTech_Common\Ts\.tsbuild\Iuker\Realize\view_module.js.map
C:\Yu\Assets\_IukerTech\IukerTech_Common\Ts\.tsbuild\Iuker\Realize\ld_soundeffct_table.js
C:\Yu\Assets\_IukerTech\IukerTech_Common\Ts\.tsbuild\Iuker\Realize\ld_soundeffct_table.js.map
C:\Yu\Assets\_IukerTech\IukerTech_Common\Ts\.tsbuild\Iuker\Realize\soundeffect_module.js
C:\Yu\Assets\_IukerTech\IukerTech_Common\Ts\.tsbuild\Iuker\Realize\soundeffect_module.js.map
C:\Yu\Assets\_IukerTech\IukerTech_Common\Ts\.tsbuild\Project\iukertech_common_assetid.js
C:\Yu\Assets\_IukerTech\IukerTech_Common\Ts\.tsbuild\Project\iukertech_common_assetid.js.map
